0 
1 119 107 
2 
3 57 
4 152 
5 
6 77 50 
7 
8 29 
9 
10 
11 
12 
13 82 106 
14 
15 
16 
17 
18 45 
19 
20 
21 61 72 
22 89 136 
23 
24 
25 54 
26 149 
27 158 
28 1 110 
29 
30 116 13 
31 
32 
33 
34 
35 115 27 
36 126 
37 149 
38 49 
39 94 
40 
41 116 
42 63 
43 141 6 
44 39 145 23 
45 19 
46 96 146 78 15 148 
47 57 
48 
49 32 
50 101 
51 
52 
53 
54 
55 
56 12 
57 
58 
59 
60 
61 111 
62 89 
63 62 155 
64 
65 136 
66 
67 
68 46 
69 39 
70 
71 20 
72 98 
73 
74 
75 
76 
77 
78 
79 
80 
81 139 
82 62 
83 46 
84 
85 35 
86 132 10 
87 38 
88 
89 42 145 19 
90 
91 
92 102 35 86 8 
93 149 19 
94 
95 
96 
97 148 
98 1 77 
99 
100 
101 
102 
103 
104 
105 100 
106 
107 
108 43 
109 144 114 81 
110 137 
111 61 
112 20 
113 
114 137 
115 101 
116 
117 
118 93 
119 147 90 
120 70 
121 
122 
123 36 
124 5 
125 76 
126 78 
127 142 
128 83 84 30 
129 43 
130 50 
131 
132 
133 
134 
135 157 
136 32 
137 
138 
139 30 
140 50 
141 
142 
143 4 90 
144 
145 80 142 28 
146 
147 
148 
149 
150 
151 82 
152 48 
153 
154 
155 
156 
157 80 110 139 
158 
159 56 
